<?xml version="1.0" encoding="UTF-8"?>
<!-- Generated by org.testng.reporters.JUnitReportReporter -->
<testsuite hostname="PC" failures="0" tests="1" name="pageTestCases.AddToCartTest" time="20.732" errors="0" timestamp="2021-06-07T10:28:01 IST" skipped="0">
  <testcase classname="pageTestCases.AddToCartTest" name="cartCountCapture" time="20.732"/>
  <system-out/>
</testsuite> <!-- pageTestCases.AddToCartTest -->
