<?xml version="1.0" encoding="UTF-8"?>
<!-- Generated by org.testng.reporters.JUnitReportReporter -->
<testsuite hostname="PC" failures="0" tests="1" name="pageTestCases.FileUploadTest" time="17.149" errors="0" timestamp="2021-05-30T18:10:22 IST" skipped="0">
  <testcase classname="pageTestCases.FileUploadTest" name="getFooterLinks" time="17.149"/>
  <system-out/>
</testsuite> <!-- pageTestCases.FileUploadTest -->
