<?xml version="1.0" encoding="UTF-8"?>
<!-- Generated by org.testng.reporters.JUnitReportReporter -->
<testsuite hostname="PC" failures="0" tests="1" name="com.Tx.KrishanMohan.AmazonAutomation_KrishanMohan.home" time="8.426" errors="0" timestamp="2021-04-29T10:16:20 IST" skipped="0">
  <testcase classname="com.Tx.KrishanMohan.AmazonAutomation_KrishanMohan.home" name="searchBoxVisibilty" time="8.426"/>
  <system-out/>
</testsuite> <!-- com.Tx.KrishanMohan.AmazonAutomation_KrishanMohan.home -->
