<?xml version="1.0" encoding="UTF-8"?>
<!-- Generated by org.testng.reporters.JUnitReportReporter -->
<testsuite hostname="PC" failures="0" tests="1" name="com.Tx.KrishanMohan.AmazonAutomation_KrishanMohan.JsonSimpleReadExample" time="0.226" errors="0" timestamp="2021-04-29T10:07:32 IST" skipped="0">
  <testcase classname="com.Tx.KrishanMohan.AmazonAutomation_KrishanMohan.JsonSimpleReadExample" name="getDatafromJson" time="0.226"/>
  <system-out/>
</testsuite> <!-- com.Tx.KrishanMohan.AmazonAutomation_KrishanMohan.JsonSimpleReadExample -->
