<?xml version="1.0" encoding="UTF-8"?>
<!-- Generated by org.testng.reporters.JUnitReportReporter -->
<testsuite hostname="PC" failures="0" tests="4" name="pageTestCases.HomeTest" time="88.952" errors="0" timestamp="2021-06-07T10:12:23 IST" skipped="0">
  <testcase classname="pageTestCases.HomeTest" name="searchBoxVisibilty" time="18.167"/>
  <system-out/>
  <testcase classname="pageTestCases.HomeTest" name="searchBoxSuggestedItemsDisplayed" time="23.991"/>
  <system-out/>
  <testcase classname="pageTestCases.HomeTest" name="searchedItemsDisplayed" time="20.904"/>
  <system-out/>
  <testcase classname="pageTestCases.HomeTest" name="shopByDepartmentOption" time="25.890"/>
  <system-out/>
</testsuite> <!-- pageTestCases.HomeTest -->
