<?xml version="1.0" encoding="UTF-8"?>
<!-- Generated by org.testng.reporters.JUnitReportReporter -->
<testsuite hostname="PC" failures="0" tests="1" name="pageTestCases.CartTest" time="31.934" errors="0" timestamp="2021-05-30T18:10:22 IST" skipped="0">
  <testcase classname="pageTestCases.CartTest" name="checkboxCheckedVerification" time="31.934"/>
  <system-out/>
</testsuite> <!-- pageTestCases.CartTest -->
