<?xml version="1.0" encoding="UTF-8"?>
<!-- Generated by org.testng.reporters.JUnitReportReporter -->
<testsuite hostname="PC" failures="0" tests="1" name="pageTestCases.FooterLinksTest" time="14.274" errors="0" timestamp="2021-05-30T18:10:22 IST" skipped="0">
  <testcase classname="pageTestCases.FooterLinksTest" name="getFooterCountries" time="14.274"/>
  <system-out/>
</testsuite> <!-- pageTestCases.FooterLinksTest -->
