<?xml version="1.0" encoding="UTF-8"?>
<!-- Generated by org.testng.reporters.JUnitReportReporter -->
<testsuite hostname="PC" failures="0" tests="1" name="pageTestCases.hoverTest" time="31.888" errors="0" timestamp="2021-05-05T16:23:52 IST" skipped="0">
  <testcase classname="pageTestCases.hoverTest" name="hoverTextDisplayed" time="31.888"/>
  <system-out/>
</testsuite> <!-- pageTestCases.hoverTest -->
