<?xml version="1.0" encoding="UTF-8"?>
<!-- Generated by org.testng.reporters.JUnitReportReporter -->
<testsuite hostname="PC" failures="0" tests="1" name="resources.baseClass" time="0.177" errors="0" timestamp="2021-04-26T18:23:36 IST" skipped="0">
  <testcase classname="resources.baseClass" name="intializeBrowser" time="0.177"/>
  <system-out/>
</testsuite> <!-- resources.baseClass -->
